<?xml version="1.0" encoding="UTF-8"?>
<!-- Generated by org.testng.reporters.JUnitXMLReporter -->
<testsuite hostname="alok-PC" failures="0" tests="5" name="Test(failed)(failed)" time="2.187" errors="0" timestamp="30 Dec 2021 06:57:21 GMT">
  <testcase classname="com.swaglab.test.LoginPageTest" name="textFieldEnbTest" time="0.073"/>
  <testcase classname="com.swaglab.test.LoginPageTest" name="logoCheckTest" time="0.079"/>
  <testcase classname="com.swaglab.test.LoginPageTest" name="passwordHiddenTest" time="0.061"/>
  <testcase classname="com.swaglab.test.LoginPageTest" name="loginWithOnlyUsernameTest" time="0.328"/>
  <testcase classname="com.swaglab.test.LoginPageTest" name="loginWithOnlyUsernameTest" time="0.232"/>
</testsuite> <!-- Test(failed)(failed) -->
