<?xml version="1.0" encoding="UTF-8"?>
<!-- Generated by org.testng.reporters.JUnitXMLReporter -->
<testsuite hostname="alok-PC" failures="0" tests="22" name="Test" time="1.449" errors="0" timestamp="19 Sep 2022 11:23:23 GMT">
  <testcase classname="com.swaglab.test.LoginPageTest" name="placeHolder" time="0.002">
    <skipped/>
  </testcase> <!-- placeHolder -->
  <testcase classname="com.swaglab.test.LoginPageTest" name="loginBtnTest" time="0.001">
    <skipped/>
  </testcase> <!-- loginBtnTest -->
  <testcase classname="com.swaglab.test.LoginPageTest" name="logoCheckTest" time="0.002">
    <skipped/>
  </testcase> <!-- logoCheckTest -->
  <testcase classname="com.swaglab.test.LoginPageTest" name="passwordHiddenTest" time="0.006">
    <skipped/>
  </testcase> <!-- passwordHiddenTest -->
  <testcase classname="com.swaglab.test.LoginPageTest" name="textFieldEnbTest" time="0.006">
    <skipped/>
  </testcase> <!-- textFieldEnbTest -->
  <testcase classname="com.swaglab.test.LoginPageTest" name="loginWithOnlyUsernameTest" time="0.002">
    <skipped/>
  </testcase> <!-- loginWithOnlyUsernameTest -->
  <testcase classname="com.swaglab.test.LoginPageTest" name="loginWithOnlyUsernameTest" time="0.002">
    <skipped/>
  </testcase> <!-- loginWithOnlyUsernameTest -->
  <testcase classname="com.swaglab.test.LoginPageTest" name="loginWithOnlyUsernameTest" time="0.005">
    <skipped/>
  </testcase> <!-- loginWithOnlyUsernameTest -->
  <testcase classname="com.swaglab.test.LoginPageTest" name="loginWithOnlyUsernameTest" time="0.006">
    <skipped/>
  </testcase> <!-- loginWithOnlyUsernameTest -->
  <testcase classname="com.swaglab.test.LoginPageTest" name="loginValidTest" time="0.001">
    <skipped/>
  </testcase> <!-- loginValidTest -->
  <testcase classname="com.swaglab.test.LoginPageTest" name="loginValidTest" time="0.003">
    <skipped/>
  </testcase> <!-- loginValidTest -->
  <testcase classname="com.swaglab.test.LoginPageTest" name="loginValidTest" time="0.001">
    <skipped/>
  </testcase> <!-- loginValidTest -->
  <testcase classname="com.swaglab.test.LoginPageTest" name="loginWithOnlyPswTest" time="0.001">
    <skipped/>
  </testcase> <!-- loginWithOnlyPswTest -->
  <testcase classname="com.swaglab.test.LoginPageTest" name="lockedUserErCheck" time="0.001">
    <skipped/>
  </testcase> <!-- lockedUserErCheck -->
  <testcase classname="com.swaglab.test.LoginPageTest" name="loginWithInvalid" time="0.014">
    <skipped/>
  </testcase> <!-- loginWithInvalid -->
  <testcase classname="com.swaglab.test.LoginPageTest" name="loginWithInvalid" time="0.002">
    <skipped/>
  </testcase> <!-- loginWithInvalid -->
  <testcase classname="com.swaglab.test.LoginPageTest" name="loginWithInvalid" time="0.005">
    <skipped/>
  </testcase> <!-- loginWithInvalid -->
  <testcase classname="com.swaglab.test.LoginPageTest" name="loginWithInvalid" time="0.003">
    <skipped/>
  </testcase> <!-- loginWithInvalid -->
  <testcase classname="com.swaglab.test.LoginPageTest" name="loginWithInvalid" time="0.001">
    <skipped/>
  </testcase> <!-- loginWithInvalid -->
  <testcase classname="com.swaglab.test.LoginPageTest" name="loginWithInvalid" time="0.004">
    <skipped/>
  </testcase> <!-- loginWithInvalid -->
  <testcase classname="com.swaglab.test.LoginPageTest" name="loginWithInvalid" time="0.002">
    <skipped/>
  </testcase> <!-- loginWithInvalid -->
  <testcase classname="com.swaglab.test.LoginPageTest" name="loginWithInvalid" time="0.003">
    <skipped/>
  </testcase> <!-- loginWithInvalid -->
</testsuite> <!-- Test -->
