<?xml version="1.0" encoding="UTF-8"?>
<!-- Generated by org.testng.reporters.JUnitXMLReporter -->
<testsuite hostname="alok-PC" failures="0" tests="22" name="Test2" time="15.452" errors="0" timestamp="31 Dec 2021 02:50:32 GMT">
  <testcase classname="com.swaglab.test.LoginPageTest" name="placeHolder" time="0.119"/>
  <testcase classname="com.swaglab.test.LoginPageTest" name="loginBtnTest" time="0.158"/>
  <testcase classname="com.swaglab.test.LoginPageTest" name="logoCheckTest" time="0.049"/>
  <testcase classname="com.swaglab.test.LoginPageTest" name="passwordHiddenTest" time="0.046"/>
  <testcase classname="com.swaglab.test.LoginPageTest" name="textFieldEnbTest" time="0.061"/>
  <testcase classname="com.swaglab.test.LoginPageTest" name="loginWithOnlyUsernameTest" time="0.308"/>
  <testcase classname="com.swaglab.test.LoginPageTest" name="loginWithOnlyUsernameTest" time="0.26"/>
  <testcase classname="com.swaglab.test.LoginPageTest" name="loginWithOnlyUsernameTest" time="0.216"/>
  <testcase classname="com.swaglab.test.LoginPageTest" name="loginWithOnlyUsernameTest" time="0.267"/>
  <testcase classname="com.swaglab.test.LoginPageTest" name="loginValidTest" time="0.541"/>
  <testcase classname="com.swaglab.test.LoginPageTest" name="loginValidTest" time="0.662"/>
  <testcase classname="com.swaglab.test.LoginPageTest" name="loginValidTest" time="5.654"/>
  <testcase classname="com.swaglab.test.LoginPageTest" name="loginWithOnlyPswTest" time="0.225"/>
  <testcase classname="com.swaglab.test.LoginPageTest" name="lockedUserErCheck" time="3.044"/>
  <testcase classname="com.swaglab.test.LoginPageTest" name="loginWithInvalid" time="0.292"/>
  <testcase classname="com.swaglab.test.LoginPageTest" name="loginWithInvalid" time="0.285"/>
  <testcase classname="com.swaglab.test.LoginPageTest" name="loginWithInvalid" time="0.268"/>
  <testcase classname="com.swaglab.test.LoginPageTest" name="loginWithInvalid" time="0.327"/>
  <testcase classname="com.swaglab.test.LoginPageTest" name="loginWithInvalid" time="0.255"/>
  <testcase classname="com.swaglab.test.LoginPageTest" name="loginWithInvalid" time="0.269"/>
  <testcase classname="com.swaglab.test.LoginPageTest" name="loginWithInvalid" time="0.246"/>
  <testcase classname="com.swaglab.test.LoginPageTest" name="loginWithInvalid" time="0.326"/>
</testsuite> <!-- Test2 -->
